[1126/182724.452:ERROR:directory_reader_win.cc(43)] FindFirstFile: Systï¿½m nemï¿½ï¿½e nalï¿½zt uvedenou cestu. (0x3)
[1127/061641.308:ERROR:directory_reader_win.cc(43)] FindFirstFile: Systï¿½m nemï¿½ï¿½e nalï¿½zt uvedenou cestu. (0x3)
[1127/081331.861:ERROR:directory_reader_win.cc(43)] FindFirstFile: Systï¿½m nemï¿½ï¿½e nalï¿½zt uvedenou cestu. (0x3)
[1129/183033.672:ERROR:directory_reader_win.cc(43)] FindFirstFile: Systï¿½m nemï¿½ï¿½e nalï¿½zt uvedenou cestu. (0x3)
[1129/185311.722:ERROR:directory_reader_win.cc(43)] FindFirstFile: Systï¿½m nemï¿½ï¿½e nalï¿½zt uvedenou cestu. (0x3)
[1129/193809.595:ERROR:directory_reader_win.cc(43)] FindFirstFile: Systï¿½m nemï¿½ï¿½e nalï¿½zt uvedenou cestu. (0x3)
[1129/202512.490:ERROR:directory_reader_win.cc(43)] FindFirstFile: Systï¿½m nemï¿½ï¿½e nalï¿½zt uvedenou cestu. (0x3)
[1130/130553.832:ERROR:directory_reader_win.cc(43)] FindFirstFile: Systï¿½m nemï¿½ï¿½e nalï¿½zt uvedenou cestu. (0x3)
[1130/153042.501:ERROR:directory_reader_win.cc(43)] FindFirstFile: Systï¿½m nemï¿½ï¿½e nalï¿½zt uvedenou cestu. (0x3)
[1130/155417.817:ERROR:directory_reader_win.cc(43)] FindFirstFile: Systï¿½m nemï¿½ï¿½e nalï¿½zt uvedenou cestu. (0x3)
[1130/161331.699:ERROR:directory_reader_win.cc(43)] FindFirstFile: Systï¿½m nemï¿½ï¿½e nalï¿½zt uvedenou cestu. (0x3)
[1130/180337.707:ERROR:directory_reader_win.cc(43)] FindFirstFile: Systï¿½m nemï¿½ï¿½e nalï¿½zt uvedenou cestu. (0x3)
[1130/185137.474:ERROR:directory_reader_win.cc(43)] FindFirstFile: Systï¿½m nemï¿½ï¿½e nalï¿½zt uvedenou cestu. (0x3)
[1130/193757.161:ERROR:directory_reader_win.cc(43)] FindFirstFile: Systï¿½m nemï¿½ï¿½e nalï¿½zt uvedenou cestu. (0x3)
[1130/214333.166:ERROR:directory_reader_win.cc(43)] FindFirstFile: Systï¿½m nemï¿½ï¿½e nalï¿½zt uvedenou cestu. (0x3)
[1201/201418.146:ERROR:directory_reader_win.cc(43)] FindFirstFile: Systï¿½m nemï¿½ï¿½e nalï¿½zt uvedenou cestu. (0x3)
[1201/204759.007:ERROR:directory_reader_win.cc(43)] FindFirstFile: Systï¿½m nemï¿½ï¿½e nalï¿½zt uvedenou cestu. (0x3)
[0104/212732.439:ERROR:directory_reader_win.cc(43)] FindFirstFile: Systï¿½m nemï¿½ï¿½e nalï¿½zt uvedenou cestu. (0x3)
[1204/123147.510:ERROR:process_reader_win.cc(151)] SuspendThread: Pï¿½ï¿½stup byl odepï¿½en. (0x5)
[1204/123147.516:ERROR:process_reader_win.cc(151)] SuspendThread: Pï¿½ï¿½stup byl odepï¿½en. (0x5)
[1204/123147.832:ERROR:filesystem_win.cc(129)] GetFileAttributes C:\Users\User\AppData\Local\Temp\karma-81399756\Crashpad\attachments\b2e4d530-0f42-4b61-a58d-7d95d763ddbf: Systï¿½m nemï¿½ï¿½e nalï¿½zt uvedenou cestu. (0x3)
[1204/123147.940:ERROR:process_reader_win.cc(151)] SuspendThread: Pï¿½ï¿½stup byl odepï¿½en. (0x5)
[1204/123147.940:ERROR:process_reader_win.cc(151)] SuspendThread: Pï¿½ï¿½stup byl odepï¿½en. (0x5)
[1204/123147.940:ERROR:process_reader_win.cc(151)] SuspendThread: Pï¿½ï¿½stup byl odepï¿½en. (0x5)
[1204/123147.940:ERROR:process_reader_win.cc(151)] SuspendThread: Pï¿½ï¿½stup byl odepï¿½en. (0x5)
[1204/123147.940:ERROR:process_reader_win.cc(151)] SuspendThread: Pï¿½ï¿½stup byl odepï¿½en. (0x5)
[1204/123147.940:ERROR:process_reader_win.cc(151)] SuspendThread: Pï¿½ï¿½stup byl odepï¿½en. (0x5)
[1204/123147.940:ERROR:process_reader_win.cc(151)] SuspendThread: Pï¿½ï¿½stup byl odepï¿½en. (0x5)
[1204/123147.940:ERROR:process_reader_win.cc(151)] SuspendThread: Pï¿½ï¿½stup byl odepï¿½en. (0x5)
[1204/123147.940:ERROR:process_reader_win.cc(151)] SuspendThread: Pï¿½ï¿½stup byl odepï¿½en. (0x5)
[1204/123148.399:ERROR:process_reader_win.cc(151)] SuspendThread: Pï¿½ï¿½stup byl odepï¿½en. (0x5)
[1204/123148.400:ERROR:process_reader_win.cc(151)] SuspendThread: Pï¿½ï¿½stup byl odepï¿½en. (0x5)
[1204/123148.400:ERROR:process_reader_win.cc(151)] SuspendThread: Pï¿½ï¿½stup byl odepï¿½en. (0x5)
[1204/123148.400:ERROR:process_reader_win.cc(151)] SuspendThread: Pï¿½ï¿½stup byl odepï¿½en. (0x5)
[1204/123148.400:ERROR:process_reader_win.cc(151)] SuspendThread: Pï¿½ï¿½stup byl odepï¿½en. (0x5)
[1204/123148.400:ERROR:process_reader_win.cc(151)] SuspendThread: Pï¿½ï¿½stup byl odepï¿½en. (0x5)
[1204/123148.400:ERROR:process_reader_win.cc(151)] SuspendThread: Pï¿½ï¿½stup byl odepï¿½en. (0x5)
[1204/123148.400:ERROR:process_reader_win.cc(151)] SuspendThread: Pï¿½ï¿½stup byl odepï¿½en. (0x5)
[1204/123148.400:ERROR:process_reader_win.cc(151)] SuspendThread: Pï¿½ï¿½stup byl odepï¿½en. (0x5)
[1204/123148.400:ERROR:process_reader_win.cc(151)] SuspendThread: Pï¿½ï¿½stup byl odepï¿½en. (0x5)
[1204/123148.870:ERROR:process_reader_win.cc(151)] SuspendThread: Pï¿½ï¿½stup byl odepï¿½en. (0x5)
[1204/125039.483:ERROR:directory_reader_win.cc(43)] FindFirstFile: Systï¿½m nemï¿½ï¿½e nalï¿½zt uvedenou cestu. (0x3)
[1204/131219.064:ERROR:directory_reader_win.cc(43)] FindFirstFile: Systï¿½m nemï¿½ï¿½e nalï¿½zt uvedenou cestu. (0x3)
[1204/132351.171:ERROR:directory_reader_win.cc(43)] FindFirstFile: Systï¿½m nemï¿½ï¿½e nalï¿½zt uvedenou cestu. (0x3)
[1204/133744.493:ERROR:directory_reader_win.cc(43)] FindFirstFile: Systï¿½m nemï¿½ï¿½e nalï¿½zt uvedenou cestu. (0x3)
[1204/162721.588:ERROR:directory_reader_win.cc(43)] FindFirstFile: Systï¿½m nemï¿½ï¿½e nalï¿½zt uvedenou cestu. (0x3)
[1209/164810.389:ERROR:directory_reader_win.cc(43)] FindFirstFile: Systï¿½m nemï¿½ï¿½e nalï¿½zt uvedenou cestu. (0x3)
[1209/221934.526:ERROR:directory_reader_win.cc(43)] FindFirstFile: Systï¿½m nemï¿½ï¿½e nalï¿½zt uvedenou cestu. (0x3)
[1210/133445.100:ERROR:directory_reader_win.cc(43)] FindFirstFile: Systï¿½m nemï¿½ï¿½e nalï¿½zt uvedenou cestu. (0x3)
[1210/141645.962:ERROR:directory_reader_win.cc(43)] FindFirstFile: Systï¿½m nemï¿½ï¿½e nalï¿½zt uvedenou cestu. (0x3)
[1210/161734.026:ERROR:directory_reader_win.cc(43)] FindFirstFile: Systï¿½m nemï¿½ï¿½e nalï¿½zt uvedenou cestu. (0x3)
[1210/164801.689:ERROR:directory_reader_win.cc(43)] FindFirstFile: Systï¿½m nemï¿½ï¿½e nalï¿½zt uvedenou cestu. (0x3)
[1210/184051.316:ERROR:directory_reader_win.cc(43)] FindFirstFile: Systï¿½m nemï¿½ï¿½e nalï¿½zt uvedenou cestu. (0x3)
[1212/192728.465:ERROR:directory_reader_win.cc(43)] FindFirstFile: Systï¿½m nemï¿½ï¿½e nalï¿½zt uvedenou cestu. (0x3)
<<<<<<< HEAD
[0104/212732.439:ERROR:directory_reader_win.cc(43)] FindFirstFile: Systï¿½m nemï¿½ï¿½e nalï¿½zt uvedenou cestu. (0x3)
=======
[1217/155757.946:ERROR:directory_reader_win.cc(43)] FindFirstFile: Systï¿½m nemï¿½ï¿½e nalï¿½zt uvedenou cestu. (0x3)
[0105/143246.764:ERROR:directory_reader_win.cc(43)] FindFirstFile: Systï¿½m nemï¿½ï¿½e nalï¿½zt uvedenou cestu. (0x3)
[0105/150500.629:ERROR:directory_reader_win.cc(43)] FindFirstFile: Systï¿½m nemï¿½ï¿½e nalï¿½zt uvedenou cestu. (0x3)
[0105/200023.800:ERROR:directory_reader_win.cc(43)] FindFirstFile: Systï¿½m nemï¿½ï¿½e nalï¿½zt uvedenou cestu. (0x3)
[0105/211034.437:ERROR:directory_reader_win.cc(43)] FindFirstFile: Systï¿½m nemï¿½ï¿½e nalï¿½zt uvedenou cestu. (0x3)
[0106/145353.664:ERROR:directory_reader_win.cc(43)] FindFirstFile: Systï¿½m nemï¿½ï¿½e nalï¿½zt uvedenou cestu. (0x3)
[0107/111319.128:ERROR:directory_reader_win.cc(43)] FindFirstFile: Systï¿½m nemï¿½ï¿½e nalï¿½zt uvedenou cestu. (0x3)
[0107/115653.271:ERROR:directory_reader_win.cc(43)] FindFirstFile: Systï¿½m nemï¿½ï¿½e nalï¿½zt uvedenou cestu. (0x3)
[0107/122020.202:ERROR:directory_reader_win.cc(43)] FindFirstFile: Systï¿½m nemï¿½ï¿½e nalï¿½zt uvedenou cestu. (0x3)
[0107/123320.570:ERROR:directory_reader_win.cc(43)] FindFirstFile: Systï¿½m nemï¿½ï¿½e nalï¿½zt uvedenou cestu. (0x3)
[0107/124444.352:ERROR:directory_reader_win.cc(43)] FindFirstFile: Systï¿½m nemï¿½ï¿½e nalï¿½zt uvedenou cestu. (0x3)
[0107/184134.908:ERROR:directory_reader_win.cc(43)] FindFirstFile: Systï¿½m nemï¿½ï¿½e nalï¿½zt uvedenou cestu. (0x3)
[0107/192100.744:ERROR:directory_reader_win.cc(43)] FindFirstFile: Systï¿½m nemï¿½ï¿½e nalï¿½zt uvedenou cestu. (0x3)
[0107/193920.621:ERROR:directory_reader_win.cc(43)] FindFirstFile: Systï¿½m nemï¿½ï¿½e nalï¿½zt uvedenou cestu. (0x3)
[0107/201202.751:ERROR:directory_reader_win.cc(43)] FindFirstFile: Systï¿½m nemï¿½ï¿½e nalï¿½zt uvedenou cestu. (0x3)
[0109/172958.405:ERROR:directory_reader_win.cc(43)] FindFirstFile: Systï¿½m nemï¿½ï¿½e nalï¿½zt uvedenou cestu. (0x3)
<<<<<<< HEAD
=======
[0112/202716.442:ERROR:directory_reader_win.cc(43)] FindFirstFile: Systï¿½m nemï¿½ï¿½e nalï¿½zt uvedenou cestu. (0x3)
>>>>>>> master
>>>>>>> master
<<<<<<< HEAD
[0117/212610.509:ERROR:directory_reader_win.cc(43)] FindFirstFile: Systï¿½m nemï¿½ï¿½e nalï¿½zt uvedenou cestu. (0x3)
[0117/213130.514:ERROR:process_reader_win.cc(151)] SuspendThread: Pï¿½ï¿½stup byl odepï¿½en. (0x5)
[0117/213130.515:ERROR:process_reader_win.cc(151)] SuspendThread: Pï¿½ï¿½stup byl odepï¿½en. (0x5)
[0117/213130.595:ERROR:filesystem_win.cc(129)] GetFileAttributes C:\Users\Guest\AppData\Local\Temp\karma-57346704\Crashpad\attachments\a71a7579-19f8-4da0-aa70-f9f024fc755f: Systï¿½m nemï¿½ï¿½e nalï¿½zt uvedenou cestu. (0x3)
[0117/213130.609:ERROR:process_reader_win.cc(151)] SuspendThread: Pï¿½ï¿½stup byl odepï¿½en. (0x5)
[0117/213130.609:ERROR:process_reader_win.cc(151)] SuspendThread: Pï¿½ï¿½stup byl odepï¿½en. (0x5)
[0117/213130.609:ERROR:process_reader_win.cc(151)] SuspendThread: Pï¿½ï¿½stup byl odepï¿½en. (0x5)
[0117/213130.609:ERROR:process_reader_win.cc(151)] SuspendThread: Pï¿½ï¿½stup byl odepï¿½en. (0x5)
[0117/213130.609:ERROR:process_reader_win.cc(151)] SuspendThread: Pï¿½ï¿½stup byl odepï¿½en. (0x5)
[0117/213130.609:ERROR:process_reader_win.cc(151)] SuspendThread: Pï¿½ï¿½stup byl odepï¿½en. (0x5)
[0117/213130.609:ERROR:process_reader_win.cc(151)] SuspendThread: Pï¿½ï¿½stup byl odepï¿½en. (0x5)
[0117/213130.610:ERROR:process_reader_win.cc(151)] SuspendThread: Pï¿½ï¿½stup byl odepï¿½en. (0x5)
[0117/213130.610:ERROR:process_reader_win.cc(151)] SuspendThread: Pï¿½ï¿½stup byl odepï¿½en. (0x5)
[0117/213130.610:ERROR:process_reader_win.cc(151)] SuspendThread: Pï¿½ï¿½stup byl odepï¿½en. (0x5)
[0117/213130.610:ERROR:process_reader_win.cc(151)] SuspendThread: Pï¿½ï¿½stup byl odepï¿½en. (0x5)
[0117/213130.725:ERROR:process_reader_win.cc(151)] SuspendThread: Pï¿½ï¿½stup byl odepï¿½en. (0x5)
[0117/213130.725:ERROR:process_reader_win.cc(151)] SuspendThread: Pï¿½ï¿½stup byl odepï¿½en. (0x5)
[0117/213130.725:ERROR:process_reader_win.cc(151)] SuspendThread: Pï¿½ï¿½stup byl odepï¿½en. (0x5)
[0117/213130.725:ERROR:process_reader_win.cc(151)] SuspendThread: Pï¿½ï¿½stup byl odepï¿½en. (0x5)
[0117/213130.725:ERROR:process_reader_win.cc(151)] SuspendThread: Pï¿½ï¿½stup byl odepï¿½en. (0x5)
[0117/213130.725:ERROR:process_reader_win.cc(151)] SuspendThread: Pï¿½ï¿½stup byl odepï¿½en. (0x5)
[0117/213130.725:ERROR:process_reader_win.cc(151)] SuspendThread: Pï¿½ï¿½stup byl odepï¿½en. (0x5)
[0117/213130.725:ERROR:process_reader_win.cc(151)] SuspendThread: Pï¿½ï¿½stup byl odepï¿½en. (0x5)
[0117/213130.946:ERROR:process_reader_win.cc(151)] SuspendThread: Pï¿½ï¿½stup byl odepï¿½en. (0x5)
[0117/213237.807:ERROR:filesystem_win.cc(129)] GetFileAttributes C:\Users\Guest\AppData\Local\Temp\karma-78400391\Crashpad\attachments\cae681d8-e957-4b25-8c8e-8d57c9652f31: Systï¿½m nemï¿½ï¿½e nalï¿½zt uvedenou cestu. (0x3)
[0117/213237.847:ERROR:process_reader_win.cc(151)] SuspendThread: Pï¿½ï¿½stup byl odepï¿½en. (0x5)
[0117/213237.847:ERROR:process_reader_win.cc(151)] SuspendThread: Pï¿½ï¿½stup byl odepï¿½en. (0x5)
[0117/213237.847:ERROR:process_reader_win.cc(151)] SuspendThread: Pï¿½ï¿½stup byl odepï¿½en. (0x5)
[0117/213237.953:ERROR:process_reader_win.cc(151)] SuspendThread: Pï¿½ï¿½stup byl odepï¿½en. (0x5)
[0117/213237.953:ERROR:process_reader_win.cc(151)] SuspendThread: Pï¿½ï¿½stup byl odepï¿½en. (0x5)
[0117/213238.071:ERROR:process_reader_win.cc(151)] SuspendThread: Pï¿½ï¿½stup byl odepï¿½en. (0x5)
[0117/213238.071:ERROR:process_reader_win.cc(151)] SuspendThread: Pï¿½ï¿½stup byl odepï¿½en. (0x5)
[0117/214440.999:ERROR:filesystem_win.cc(129)] GetFileAttributes C:\Users\Guest\AppData\Local\Temp\karma-49461653\Crashpad\attachments\8941bad5-0cd9-44fb-92a6-f7b8ebf96380: Systï¿½m nemï¿½ï¿½e nalï¿½zt uvedenou cestu. (0x3)
[0117/214441.244:ERROR:process_reader_win.cc(151)] SuspendThread: Pï¿½ï¿½stup byl odepï¿½en. (0x5)
[0117/215544.887:ERROR:directory_reader_win.cc(43)] FindFirstFile: Systï¿½m nemï¿½ï¿½e nalï¿½zt uvedenou cestu. (0x3)
[0117/223819.765:ERROR:directory_reader_win.cc(43)] FindFirstFile: Systï¿½m nemï¿½ï¿½e nalï¿½zt uvedenou cestu. (0x3)
[0117/230047.507:ERROR:directory_reader_win.cc(43)] FindFirstFile: Systï¿½m nemï¿½ï¿½e nalï¿½zt uvedenou cestu. (0x3)
[0119/011020.693:ERROR:directory_reader_win.cc(43)] FindFirstFile: Systï¿½m nemï¿½ï¿½e nalï¿½zt uvedenou cestu. (0x3)
[0119/011504.473:ERROR:process_reader_win.cc(151)] SuspendThread: Pï¿½ï¿½stup byl odepï¿½en. (0x5)
[0119/011504.473:ERROR:process_reader_win.cc(151)] SuspendThread: Pï¿½ï¿½stup byl odepï¿½en. (0x5)
[0119/011504.652:ERROR:filesystem_win.cc(129)] GetFileAttributes C:\Users\Guest\AppData\Local\Temp\karma-23603850\Crashpad\attachments\894e0b6d-5dfe-4353-ae23-4fd421f6e80c: Systï¿½m nemï¿½ï¿½e nalï¿½zt uvedenou cestu. (0x3)
[0119/011504.735:ERROR:process_reader_win.cc(151)] SuspendThread: Pï¿½ï¿½stup byl odepï¿½en. (0x5)
[0119/011504.735:ERROR:process_reader_win.cc(151)] SuspendThread: Pï¿½ï¿½stup byl odepï¿½en. (0x5)
[0119/011504.822:ERROR:process_reader_win.cc(151)] SuspendThread: Pï¿½ï¿½stup byl odepï¿½en. (0x5)
[0119/012701.504:ERROR:directory_reader_win.cc(43)] FindFirstFile: Systï¿½m nemï¿½ï¿½e nalï¿½zt uvedenou cestu. (0x3)
[0119/014015.049:ERROR:directory_reader_win.cc(43)] FindFirstFile: Systï¿½m nemï¿½ï¿½e nalï¿½zt uvedenou cestu. (0x3)
[0119/201209.221:ERROR:directory_reader_win.cc(43)] FindFirstFile: Systï¿½m nemï¿½ï¿½e nalï¿½zt uvedenou cestu. (0x3)
[0119/211036.150:ERROR:directory_reader_win.cc(43)] FindFirstFile: Systï¿½m nemï¿½ï¿½e nalï¿½zt uvedenou cestu. (0x3)
[0121/175926.576:ERROR:directodery_rear_win.cc(43)] FindFirstFile: Systï¿½m nemï¿½ï¿½e nalï¿½zt uvedenou cestu. (0x3)
[0121/190238.818:ERROR:filesystem_win.cc(129)] GetFileAttributes C:\Users\Guest\AppData\Local\Temp\karma-89739993\Crashpad\attachments\a914de6f-ef71-48a1-a6c1-b6ca60322768: Systém nemùže nalézt uvedenou cestu. (0x3)
[0121/190238.868:ERROR:process_reader_win.cc(151)] SuspendThread: Pøístup byl odepøen. (0x5)
[0121/190238.868:ERROR:process_reader_win.cc(151)] SuspendThread: Pøístup byl odepøen. (0x5)
[0121/190238.997:ERROR:process_reader_win.cc(151)] SuspendThread: Pøístup byl odepøen. (0x5)
[0121/190239.200:ERROR:process_reader_win.cc(151)] SuspendThread: Pøístup byl odepøen. (0x5)
[0121/190239.200:ERROR:process_reader_win.cc(151)] SuspendThread: Pøístup byl odepøen. (0x5)
=======
[0119/205410.495:ERROR:directory_reader_win.cc(43)] FindFirstFile: Systém nemùže nalézt uvedenou cestu. (0x3)
>>>>>>> ff8de79a3594eb4b69180c06b6b5f3dcb33875c0
